[TIME]:2018-02-06 09:46:53 ERROR:E:/WWW/php-frame/Index/Tpl/Index/index.html模版文件不存在
[TIME]:2018-02-06 09:48:27 ERROR:E:/WWW/php-frame/Index/Tpl/Index/index.html模版文件不存在
[TIME]:2018-02-06 09:49:08 ERROR:E:/WWW/php-frame/Index/Tpl/Index/index.html模版文件不存在
[TIME]:2018-02-06 09:50:22 ERROR:E:/WWW/php-frame/Index/Tpl/Index/index.html模版文件不存在
[TIME]:2018-02-06 09:50:28 ERROR:E:/WWW/php-frame/Index/Tpl/Index/index.html模版文件不存在
[TIME]:2018-02-06 09:50:36 ERROR:E:/WWW/php-frame/Index/Tpl/Index/index.html模版文件不存在
[TIME]:2018-02-06 09:50:36 ERROR:E:/WWW/php-frame/Index/Tpl/Index/index.html模版文件不存在
[TIME]:2018-02-06 09:51:12 ERROR:E:/WWW/php-frame/Index/Tpl/Index/index.html模版文件不存在
[TIME]:2018-02-06 09:52:13 ERROR:E:/WWW/php-frame/Index/Tpl/Index/index.html模版文件不存在
[TIME]:2018-02-06 09:55:25 ERROR:E:/WWW/php-frame/Index/Tpl/Index/index.html模版文件不存在
[TIME]:2018-02-06 09:55:54 ERROR:E:/WWW/php-frame/Index/Tpl/Index/index.html模版文件不存在
[TIME]:2018-02-06 09:56:05 ERROR:E:/WWW/php-frame/Index/Tpl/Index/index.html模版文件不存在
[TIME]:2018-02-06 09:56:08 ERROR:E:/WWW/php-frame/Index/Tpl/Index/index.html模版文件不存在
[TIME]:2018-02-06 09:57:32 ERROR:E:/WWW/php-frame/Index/Tpl/Index/index.html模版文件不存在
[TIME]:2018-02-06 09:59:22 ERROR:E:/WWW/php-frame/Index/Tpl/Index/indexa.html模版文件不存在
[TIME]:2018-02-06 10:01:24 ERROR:E:/WWW/php-frame/Index/Tpl/Index/indexa.html模版文件不存在
[TIME]:2018-02-06 10:01:25 ERROR:E:/WWW/php-frame/Index/Tpl/Index/indexa.html模版文件不存在
[TIME]:2018-02-06 10:01:26 ERROR:E:/WWW/php-frame/Index/Tpl/Index/indexa.html模版文件不存在
[TIME]:2018-02-06 10:01:34 ERROR:E:/WWW/php-frame/Index/Tpl/Index/indexa.html模版文件不存在
[TIME]:2018-02-06 10:20:37 ERROR:E:/WWW/php-frame/Index/Tpl/Index/indexa.html模版文件不存在
[TIME]:2018-02-06 13:56:00 ERROR:E:/WWW/php-frame/Index/Controller/1Controller.class.php控制器未找到
[TIME]:2018-02-06 14:16:19 ERROR:E:/WWW/php-frame/Index/Tpl/index/index1.html模版文件不存在
[TIME]:2018-02-06 14:47:55 ERROR:indexController控制器中index1方法不存在
[TIME]:2018-02-06 15:08:20 ERROR:syntax error, unexpected '}'E:\WWW\php-frame\Index\Controller\IndexController.class.php第16行
[TIME]:2018-02-06 15:09:15 ERROR:syntax error, unexpected '}'E:\WWW\php-frame\Index\Controller\IndexController.class.php第16行
[TIME]:2018-02-06 15:09:16 ERROR:syntax error, unexpected '}'E:\WWW\php-frame\Index\Controller\IndexController.class.php第16行
[TIME]:2018-02-06 15:09:16 ERROR:syntax error, unexpected '}'E:\WWW\php-frame\Index\Controller\IndexController.class.php第16行
[TIME]:2018-02-06 15:09:16 ERROR:syntax error, unexpected '}'E:\WWW\php-frame\Index\Controller\IndexController.class.php第16行
[TIME]:2018-02-06 15:09:17 ERROR:syntax error, unexpected '}'E:\WWW\php-frame\Index\Controller\IndexController.class.php第16行
[TIME]:2018-02-06 15:09:17 ERROR:syntax error, unexpected '}'E:\WWW\php-frame\Index\Controller\IndexController.class.php第16行
[TIME]:2018-02-06 15:09:18 ERROR:syntax error, unexpected '}'E:\WWW\php-frame\Index\Controller\IndexController.class.php第16行
[TIME]:2018-02-06 15:09:18 ERROR:syntax error, unexpected '}'E:\WWW\php-frame\Index\Controller\IndexController.class.php第16行
[TIME]:2018-02-06 15:10:20 ERROR:syntax error, unexpected '}'E:\WWW\php-frame\Index\Controller\IndexController.class.php第16行
[TIME]:2018-02-06 15:10:58 ERROR:syntax error, unexpected '}'E:\WWW\php-frame\Index\Controller\IndexController.class.php第14行
[TIME]:2018-02-06 15:11:55 ERROR:syntax error, unexpected '}'E:\WWW\php-frame\Index\Controller\IndexController.class.php第14行
[TIME]:2018-02-06 15:11:55 ERROR:syntax error, unexpected '}'E:\WWW\php-frame\Index\Controller\IndexController.class.php第14行
[TIME]:2018-02-06 15:12:10 ERROR:syntax error, unexpected '}'E:\WWW\php-frame\Index\Controller\IndexController.class.php第14行
[TIME]:2018-02-06 15:12:15 ERROR:syntax error, unexpected '}'E:\WWW\php-frame\Index\Controller\IndexController.class.php第14行
[TIME]:2018-02-06 15:12:23 ERROR:syntax error, unexpected '}'E:\WWW\php-frame\Index\Controller\IndexController.class.php第14行
[TIME]:2018-02-06 15:14:20 ERROR:syntax error, unexpected '$this' (T_VARIABLE)E:\WWW\php-frame\Index\Controller\IndexController.class.php第14行
[TIME]:2018-02-06 15:14:30 ERROR:syntax error, unexpected '$this' (T_VARIABLE)E:\WWW\php-frame\Index\Controller\IndexController.class.php第14行
[TIME]:2018-02-06 15:14:38 ERROR:syntax error, unexpected '$this' (T_VARIABLE)E:\WWW\php-frame\Index\Controller\IndexController.class.php第14行
[TIME]:2018-02-06 15:14:48 ERROR:syntax error, unexpected '$this' (T_VARIABLE)E:\WWW\php-frame\Index\Controller\IndexController.class.php第14行
[TIME]:2018-02-06 15:14:49 ERROR:syntax error, unexpected '$this' (T_VARIABLE)E:\WWW\php-frame\Index\Controller\IndexController.class.php第14行
[TIME]:2018-02-06 15:15:30 ERROR:syntax error, unexpected '$this' (T_VARIABLE)E:\WWW\php-frame\Index\Controller\IndexController.class.php第14行
[TIME]:2018-02-06 15:16:33 ERROR:syntax error, unexpected '$this' (T_VARIABLE)E:\WWW\php-frame\Index\Controller\IndexController.class.php第14行
[TIME]:2018-02-06 15:16:36 ERROR:syntax error, unexpected '$this' (T_VARIABLE)E:\WWW\php-frame\Index\Controller\IndexController.class.php第14行
[TIME]:2018-02-06 15:16:36 ERROR:syntax error, unexpected '$this' (T_VARIABLE)E:\WWW\php-frame\Index\Controller\IndexController.class.php第14行
[TIME]:2018-02-06 15:16:42 ERROR:syntax error, unexpected '$this' (T_VARIABLE)E:\WWW\php-frame\Index\Controller\IndexController.class.php第14行
[TIME]:2018-02-06 15:17:11 ERROR:syntax error, unexpected '$this' (T_VARIABLE)E:\WWW\php-frame\Index\Controller\IndexController.class.php第14行
[TIME]:2018-02-06 15:50:55 ERROR:数据库连接错误，请检查配置项
[TIME]:2018-02-06 15:52:46 ERROR:数据库连接错误，请检查配置项
[TIME]:2018-02-06 15:53:04 ERROR:数据库连接错误，请检查配置项
[TIME]:2018-02-06 15:53:21 ERROR:数据库连接错误，请检查配置项
[TIME]:2018-02-06 15:53:26 ERROR:数据库连接错误，请检查配置项
[TIME]:2018-02-06 15:53:41 ERROR:数据库连接错误，请检查配置项
[TIME]:2018-02-06 15:53:56 ERROR:数据库连接错误，请检查配置项
[TIME]:2018-02-06 15:54:08 ERROR:数据库连接错误，请检查配置项
[TIME]:2018-02-06 15:55:19 ERROR:数据库连接错误，请检查配置项
[TIME]:2018-02-06 15:55:37 ERROR:数据库连接错误，请检查配置项
[TIME]:2018-02-06 15:56:27 ERROR:数据库连接错误，请检查配置项
[TIME]:2018-02-06 15:56:56 ERROR:数据库连接错误，请检查配置项
[TIME]:2018-02-06 15:57:14 ERROR:数据库连接错误，请检查配置项
[TIME]:2018-02-06 16:34:39 ERROR:mysql错误No database selected<br/>SQL:select * from ff_article
[TIME]:2018-02-06 16:46:00 ERROR:mysql错误You have an error in your SQL syntax; check the manual that corresponds to your MySQL server version for the right syntax to use near 'FROM ff_article' at line 1<br/>SQL:SELECT  FROM ff_article
[TIME]:2018-02-06 16:53:37 ERROR:Call to a member function all() on nullE:\WWW\php-frame\Index\Controller\IndexController.class.php第14行
